DNSCacheTest/build/outputs/logs/manifest-merger-debug-report.txt
-- Merging decision tree log ---
manifest
ADDED from src/main/AndroidManifest.xml:2:1-53:12
	package
		ADDED from src/main/AndroidManifest.xml:2:11-48
		INJECTED from src/main/AndroidManifest.xml
		INJECTED from src/main/AndroidManifest.xml
	android:versionName
		ADDED from src/main/AndroidManifest.xml:5:11-36
		INJECTED from src/main/AndroidManifest.xml
		INJECTED from src/main/AndroidManifest.xml
	android:versionCode
		ADDED from src/main/AndroidManifest.xml:4:11-34
		INJECTED from src/main/AndroidManifest.xml
		INJECTED from src/main/AndroidManifest.xml
	xmlns:android
		ADDED from src/main/AndroidManifest.xml:3:11-69
uses-sdk
ADDED from src/main/AndroidManifest.xml:7:5-9:40
MERGED from [com.android.support:multidex:1.0.1] AndroidManifest.xml:18:5-42
MERGED from [HTTPDNSLib:DNSCache:unspecified] AndroidManifest.xml:7:5-9:41
MERGED from [com.android.support:support-v4:25.3.1] AndroidManifest.xml:21:5-23:54
MERGED from [com.android.support:support-fragment:25.3.1] AndroidManifest.xml:21:5-23:60
MERGED from [com.android.support:support-media-compat:25.3.1] AndroidManifest.xml:21:5-23:63
MERGED from [com.android.support:support-core-ui:25.3.1] AndroidManifest.xml:21:5-23:58
MERGED from [com.android.support:support-core-utils:25.3.1] AndroidManifest.xml:21:5-23:61
MERGED from [com.android.support:support-compat:25.3.1] AndroidManifest.xml:21:5-23:58
	tools:overrideLibrary
		ADDED from [com.android.support:support-v4:25.3.1] AndroidManifest.xml:23:9-51
	android:targetSdkVersion
		ADDED from src/main/AndroidManifest.xml:9:9-38
		INJECTED from src/main/AndroidManifest.xml
		INJECTED from src/main/AndroidManifest.xml
	android:minSdkVersion
		ADDED from src/main/AndroidManifest.xml:8:9-35
		INJECTED from src/main/AndroidManifest.xml
		INJECTED from src/main/AndroidManifest.xml
uses-permission#android.permission.READ_EXTERNAL_STORAGE
ADDED from src/main/AndroidManifest.xml:11:5-79
	android:name
		ADDED from src/main/AndroidManifest.xml:11:22-77
uses-permission#android.permission.READ_PHONE_STATE
ADDED from src/main/AndroidManifest.xml:12:5-74
	android:name
		ADDED from src/main/AndroidManifest.xml:12:22-72
application
ADDED from src/main/AndroidManifest.xml:14:5-51:19
MERGED from [HTTPDNSLib:DNSCache:unspecified] AndroidManifest.xml:18:5-31:19
MERGED from [com.android.support:support-v4:25.3.1] AndroidManifest.xml:29:5-20
MERGED from [com.android.support:support-fragment:25.3.1] AndroidManifest.xml:29:5-20
MERGED from [com.android.support:support-media-compat:25.3.1] AndroidManifest.xml:29:5-20
MERGED from [com.android.support:support-core-ui:25.3.1] AndroidManifest.xml:29:5-20
MERGED from [com.android.support:support-core-utils:25.3.1] AndroidManifest.xml:29:5-20
MERGED from [com.android.support:support-compat:25.3.1] AndroidManifest.xml:29:5-20
	android:label
		ADDED from src/main/AndroidManifest.xml:19:9-41
	android:configChanges
		ADDED from src/main/AndroidManifest.xml:17:9-59
	android:allowBackup
		ADDED from src/main/AndroidManifest.xml:16:9-35
	android:icon
		ADDED from src/main/AndroidManifest.xml:18:9-45
	android:theme
		ADDED from src/main/AndroidManifest.xml:20:9-68
	android:name
		ADDED from src/main/AndroidManifest.xml:15:9-66
meta-data#DNSCACHE_APP_KEY
ADDED from src/main/AndroidManifest.xml:22:9-24:63
	android:value
		ADDED from src/main/AndroidManifest.xml:24:13-61
	android:name
		ADDED from src/main/AndroidManifest.xml:23:13-44
activity#com.sina.util.dnscache.DNSCacheTestActivityTabMain
ADDED from src/main/AndroidManifest.xml:26:9-35:20
	android:screenOrientation
		ADDED from src/main/AndroidManifest.xml:29:13-49
	android:label
		ADDED from src/main/AndroidManifest.xml:28:13-45
	android:name
		ADDED from src/main/AndroidManifest.xml:27:13-78
intent-filter#android.intent.action.MAIN+android.intent.category.LAUNCHER
ADDED from src/main/AndroidManifest.xml:30:13-34:29
action#android.intent.action.MAIN
ADDED from src/main/AndroidManifest.xml:31:17-68
	android:name
		ADDED from src/main/AndroidManifest.xml:31:25-66
category#android.intent.category.LAUNCHER
ADDED from src/main/AndroidManifest.xml:33:17-76
	android:name
		ADDED from src/main/AndroidManifest.xml:33:27-74
activity#com.sina.util.dnscache.simulationtask.TaskInfoActivity
ADDED from src/main/AndroidManifest.xml:36:9-38:51
	android:screenOrientation
		ADDED from src/main/AndroidManifest.xml:38:13-49
	android:name
		ADDED from src/main/AndroidManifest.xml:37:13-82
activity#com.sina.util.dnscache.datagraph.AllTaskSpeedBIActivity
ADDED from src/main/AndroidManifest.xml:39:9-41:51
	android:screenOrientation
		ADDED from src/main/AndroidManifest.xml:41:13-49
	android:name
		ADDED from src/main/AndroidManifest.xml:40:13-83
activity#com.sina.util.dnscache.datagraph.HttpDNSExpendTimeActivity
ADDED from src/main/AndroidManifest.xml:42:9-44:51
	android:screenOrientation
		ADDED from src/main/AndroidManifest.xml:44:13-49
	android:name
		ADDED from src/main/AndroidManifest.xml:43:13-86
activity#com.sina.util.dnscache.datagraph.AllTaskExpendTimeActivity
ADDED from src/main/AndroidManifest.xml:45:9-47:51
	android:screenOrientation
		ADDED from src/main/AndroidManifest.xml:47:13-49
	android:name
		ADDED from src/main/AndroidManifest.xml:46:13-86
activity#com.sina.util.dnscache.datagraph.ServerSpeedActivity
ADDED from src/main/AndroidManifest.xml:48:9-50:51
	android:screenOrientation
		ADDED from src/main/AndroidManifest.xml:50:13-49
	android:name
		ADDED from src/main/AndroidManifest.xml:49:13-80
uses-permission#android.permission.INTERNET
ADDED from [HTTPDNSLib:DNSCache:unspecified] AndroidManifest.xml:12:5-67
	android:name
		ADDED from [HTTPDNSLib:DNSCache:unspecified] AndroidManifest.xml:12:22-64
uses-permission#android.permission.ACCESS_NETWORK_STATE
ADDED from [HTTPDNSLib:DNSCache:unspecified] AndroidManifest.xml:13:5-79
	android:name
		ADDED from [HTTPDNSLib:DNSCache:unspecified] AndroidManifest.xml:13:22-76
uses-permission#android.permission.ACCESS_WIFI_STATE
ADDED from [HTTPDNSLib:DNSCache:unspecified] AndroidManifest.xml:14:5-76
	android:name
		ADDED from [HTTPDNSLib:DNSCache:unspecified] AndroidManifest.xml:14:22-73
uses-permission#android.permission.WAKE_LOCK
ADDED from [HTTPDNSLib:DNSCache:unspecified] AndroidManifest.xml:15:5-68
	android:name
		ADDED from [HTTPDNSLib:DNSCache:unspecified] AndroidManifest.xml:15:22-65
uses-permission#android.permission.WRITE_EXTERNAL_STORAGE
ADDED from [HTTPDNSLib:DNSCache:unspecified] AndroidManifest.xml:16:5-81
	android:name
		ADDED from [HTTPDNSLib:DNSCache:unspecified] AndroidManifest.xml:16:22-78
receiver#com.sina.util.networktype.NetworkStateReceiver
ADDED from [HTTPDNSLib:DNSCache:unspecified] AndroidManifest.xml:23:9-30:20
	android:label
		ADDED from [HTTPDNSLib:DNSCache:unspecified] AndroidManifest.xml:25:13-46
	android:name
		ADDED from [HTTPDNSLib:DNSCache:unspecified] AndroidManifest.xml:24:13-74
intent-filter#android.intent.action.USER_PRESENT+android.net.conn.CONNECTIVITY_CHANGE
ADDED from [HTTPDNSLib:DNSCache:unspecified] AndroidManifest.xml:26:13-29:29
action#android.net.conn.CONNECTIVITY_CHANGE
ADDED from [HTTPDNSLib:DNSCache:unspecified] AndroidManifest.xml:27:17-79
	android:name
		ADDED from [HTTPDNSLib:DNSCache:unspecified] AndroidManifest.xml:27:25-76
action#android.intent.action.USER_PRESENT
ADDED from [HTTPDNSLib:DNSCache:unspecified] AndroidManifest.xml:28:17-77
	android:name
		ADDED from [HTTPDNSLib:DNSCache:unspecified] AndroidManifest.xml:28:25-74
meta-data#android.support.VERSION
ADDED from [com.android.support:support-v4:25.3.1] AndroidManifest.xml:25:5-27:34
MERGED from [com.android.support:support-fragment:25.3.1] AndroidManifest.xml:25:5-27:34
MERGED from [com.android.support:support-media-compat:25.3.1] AndroidManifest.xml:25:5-27:34
MERGED from [com.android.support:support-core-ui:25.3.1] AndroidManifest.xml:25:5-27:34
MERGED from [com.android.support:support-core-utils:25.3.1] AndroidManifest.xml:25:5-27:34
MERGED from [com.android.support:support-compat:25.3.1] AndroidManifest.xml:25:5-27:34
	android:value
		ADDED from [com.android.support:support-v4:25.3.1] AndroidManifest.xml:27:9-31
	android:name
		ADDED from [com.android.support:support-v4:25.3.1] AndroidManifest.xml:26:9-47